<?xml version="1.0" encoding="UTF-8"?>
<testng-results skipped="0" failed="0" ignored="0" total="1" passed="1">
  <reporter-output>
  </reporter-output>
  <suite name="Default suite" duration-ms="25270" started-at="2019-09-25T06:06:40Z" finished-at="2019-09-25T06:07:06Z">
    <groups>
    </groups>
    <test name="Default test" duration-ms="25270" started-at="2019-09-25T06:06:40Z" finished-at="2019-09-25T06:07:06Z">
      <class name="PomWithPagefactory.TestClass">
        <test-method status="PASS" signature="f()[pri:0, instance:PomWithPagefactory.TestClass@68c4039c]" name="f" duration-ms="25234" started-at="2019-09-25T06:06:40Z" finished-at="2019-09-25T06:07:06Z">
          <reporter-output>
          </reporter-output>
        </test-method> <!-- f -->
      </class> <!-- PomWithPagefactory.TestClass -->
    </test> <!-- Default test -->
  </suite> <!-- Default suite -->
</testng-results>
